c:\users\moham\source\repos\zombie_tutorial6\zombie_tutorial6\x64\debug\vc143.pdb
c:\users\moham\source\repos\zombie_tutorial6\zombie_tutorial6\x64\debug\vc143.idb
c:\users\moham\source\repos\zombie_tutorial6\zombie_tutorial6\x64\debug\zombie28.obj
c:\users\moham\source\repos\zombie_tutorial6\zombie_tutorial6\x64\debug\zombie.obj
c:\users\moham\source\repos\zombie_tutorial6\zombie_tutorial6\x64\debug\weapon.obj
c:\users\moham\source\repos\zombie_tutorial6\zombie_tutorial6\x64\debug\undead.obj
c:\users\moham\source\repos\zombie_tutorial6\zombie_tutorial6\x64\debug\player.obj
c:\users\moham\source\repos\zombie_tutorial6\zombie_tutorial6\x64\debug\mover.obj
c:\users\moham\source\repos\zombie_tutorial6\zombie_tutorial6\x64\debug\ammoweapon.obj
c:\users\moham\source\repos\zombie_tutorial6\zombie_tutorial6\x64\debug\main.obj
c:\users\moham\source\repos\zombie_tutorial6\zombie_tutorial6\x64\debug\enemy.obj
c:\users\moham\source\repos\zombie_tutorial6\x64\debug\zombie_tutorial6.pdb
c:\users\moham\source\repos\zombie_tutorial6\zombie_tutorial6\x64\debug\zombie_tutorial6.tlog\cl.command.1.tlog
c:\users\moham\source\repos\zombie_tutorial6\zombie_tutorial6\x64\debug\zombie_tutorial6.tlog\cl.read.1.tlog
c:\users\moham\source\repos\zombie_tutorial6\zombie_tutorial6\x64\debug\zombie_tutorial6.tlog\cl.write.1.tlog
c:\users\moham\source\repos\zombie_tutorial6\zombie_tutorial6\x64\debug\zombie_tutorial6.tlog\link-cvtres.read.1.tlog
c:\users\moham\source\repos\zombie_tutorial6\zombie_tutorial6\x64\debug\zombie_tutorial6.tlog\link-cvtres.write.1.tlog
c:\users\moham\source\repos\zombie_tutorial6\zombie_tutorial6\x64\debug\zombie_tutorial6.tlog\link-rc.read.1.tlog
c:\users\moham\source\repos\zombie_tutorial6\zombie_tutorial6\x64\debug\zombie_tutorial6.tlog\link-rc.write.1.tlog
c:\users\moham\source\repos\zombie_tutorial6\zombie_tutorial6\x64\debug\zombie_tutorial6.tlog\link.16796-cvtres.read.1.tlog
c:\users\moham\source\repos\zombie_tutorial6\zombie_tutorial6\x64\debug\zombie_tutorial6.tlog\link.16796-cvtres.write.1.tlog
c:\users\moham\source\repos\zombie_tutorial6\zombie_tutorial6\x64\debug\zombie_tutorial6.tlog\link.16796-rc.read.1.tlog
c:\users\moham\source\repos\zombie_tutorial6\zombie_tutorial6\x64\debug\zombie_tutorial6.tlog\link.16796-rc.write.1.tlog
c:\users\moham\source\repos\zombie_tutorial6\zombie_tutorial6\x64\debug\zombie_tutorial6.tlog\link.16796.read.1.tlog
c:\users\moham\source\repos\zombie_tutorial6\zombie_tutorial6\x64\debug\zombie_tutorial6.tlog\link.16796.read.2.tlog
c:\users\moham\source\repos\zombie_tutorial6\zombie_tutorial6\x64\debug\zombie_tutorial6.tlog\link.16796.write.1.tlog
c:\users\moham\source\repos\zombie_tutorial6\zombie_tutorial6\x64\debug\zombie_tutorial6.tlog\link.command.1.tlog
c:\users\moham\source\repos\zombie_tutorial6\zombie_tutorial6\x64\debug\zombie_tutorial6.tlog\link.read.1.tlog
c:\users\moham\source\repos\zombie_tutorial6\zombie_tutorial6\x64\debug\zombie_tutorial6.tlog\link.read.2.tlog
c:\users\moham\source\repos\zombie_tutorial6\zombie_tutorial6\x64\debug\zombie_tutorial6.tlog\link.write.1.tlog
